hello world
hello tomorrow
accomplish 	frustrate, disrupt,discourage,entail,bewilder,timid,confidential,resistant
restrain,refrain,setback,limitation,confine,restrict,
expand,expansion,stretch,finance,bonus,enlarge, budget, disclose(透入)，expose to, uncover,
resign(辞职，放弃) to顺从， quit， abandon， surrender，
release，discharge，dismiss，expel，
qualify，qualifications, license,
favourable,
disperse 分散，消散， dispel 驱散，消除
objection，subjective，objective
renew，relieve使轻松，减轻，rehearsal，restore，refresh，renovate（更新），recovery，regain，revive恢复
attain 达到，breakthrough 突破，historical，acquire，acquisition 获得物，decent，respectable，admirable
fee,tuition,afford,payment,essential,continual,continuous
suspend,suspense,halt,cease
repel,expel,dispel
prohibit 禁止， avoid， owing应付的
delegate n.代表，vt委任为代表，nominate提名，任命
feast，
query质问, inquest审问，sue控告，clarify阐明
military,smuggle,combat战斗，斗争，custody监护权，监管
arrest， review， category
dwindle, ratio, comparison, comparable,
calculate
resent, irritate, revise修订，复习， manuscript手稿， editorial，社论的，
applicable 可适用的，合适的，
propose提议，提名，打算，generous，plentiful， abundant，adequate
wholesome， sufficient，
conducive 有助于，促成。。。
criterion， standardize，使标准化， handy方便的，convenience，feasible可行的，
emphatic强调的，加强语气的，emphasize，eloquent雄辩的
fluent，
aftereffect不良的后果， aftermath，不幸的事情的余波，后果，outcome，consequence， consequently所以
muscle肌肉，bruise青肿，瘀伤，sprain扭伤，scratch，pace，
absence，presence，presentation，
parliament国会，cabinet，内阁
holy神圣的，sacred神圣的，bless，institute学院，建立，institution社会公共机构，制度，设立